<?xml version="1.0" encoding="UTF-8"?>
<testng-results skipped="0" failed="0" total="1" passed="1">
  <reporter-output>
  </reporter-output>
  <suite name="Default suite" duration-ms="500" started-at="2016-09-06T06:53:47Z" finished-at="2016-09-06T06:53:48Z">
    <groups>
    </groups>
    <test name="Default test" duration-ms="500" started-at="2016-09-06T06:53:47Z" finished-at="2016-09-06T06:53:48Z">
      <class name="poi.poiuse">
        <test-method status="PASS" signature="beforeSuite()[pri:0, instance:poi.poiuse@7dc7cbad]" name="beforeSuite" is-config="true" duration-ms="0" started-at="2016-09-06T12:23:47Z" finished-at="2016-09-06T12:23:47Z">
          <reporter-output>
          </reporter-output>
        </test-method> <!-- beforeSuite -->
        <test-method status="PASS" signature="f()[pri:0, instance:poi.poiuse@7dc7cbad]" name="f" duration-ms="485" started-at="2016-09-06T12:23:47Z" finished-at="2016-09-06T12:23:48Z">
          <reporter-output>
          </reporter-output>
        </test-method> <!-- f -->
        <test-method status="PASS" signature="afterSuite()[pri:0, instance:poi.poiuse@7dc7cbad]" name="afterSuite" is-config="true" duration-ms="0" started-at="2016-09-06T12:23:48Z" finished-at="2016-09-06T12:23:48Z">
          <reporter-output>
          </reporter-output>
        </test-method> <!-- afterSuite -->
      </class> <!-- poi.poiuse -->
    </test> <!-- Default test -->
  </suite> <!-- Default suite -->
</testng-results>
