<?xml version="1.0" encoding="UTF-8"?>
<testng-results skipped="0" failed="0" total="3" passed="3">
  <reporter-output>
  </reporter-output>
  <suite name="Default suite" duration-ms="14183" started-at="2016-09-20T09:42:33Z" finished-at="2016-09-20T09:42:47Z">
    <groups>
    </groups>
    <test name="Default test" duration-ms="14183" started-at="2016-09-20T09:42:33Z" finished-at="2016-09-20T09:42:47Z">
      <class name="demo1.demo1">
        <test-method status="PASS" signature="beforeMethod()[pri:0, instance:demo1.demo1@5d5eef3d]" name="beforeMethod" is-config="true" duration-ms="5" started-at="2016-09-20T15:12:33Z" finished-at="2016-09-20T15:12:33Z">
          <reporter-output>
          </reporter-output>
        </test-method> <!-- beforeMethod -->
        <test-method status="PASS" signature="f1()[pri:0, instance:demo1.demo1@5d5eef3d]" name="f1" duration-ms="14140" started-at="2016-09-20T15:12:33Z" finished-at="2016-09-20T15:12:47Z">
          <reporter-output>
          </reporter-output>
        </test-method> <!-- f1 -->
        <test-method status="PASS" signature="afterMethod()[pri:0, instance:demo1.demo1@5d5eef3d]" name="afterMethod" is-config="true" duration-ms="1" started-at="2016-09-20T15:12:47Z" finished-at="2016-09-20T15:12:47Z">
          <reporter-output>
          </reporter-output>
        </test-method> <!-- afterMethod -->
        <test-method status="PASS" signature="beforeMethod()[pri:0, instance:demo1.demo1@5d5eef3d]" name="beforeMethod" is-config="true" duration-ms="0" started-at="2016-09-20T15:12:47Z" finished-at="2016-09-20T15:12:47Z">
          <reporter-output>
          </reporter-output>
        </test-method> <!-- beforeMethod -->
        <test-method status="PASS" signature="f2()[pri:0, instance:demo1.demo1@5d5eef3d]" name="f2" duration-ms="4" started-at="2016-09-20T15:12:47Z" finished-at="2016-09-20T15:12:47Z">
          <reporter-output>
          </reporter-output>
        </test-method> <!-- f2 -->
        <test-method status="PASS" signature="afterMethod()[pri:0, instance:demo1.demo1@5d5eef3d]" name="afterMethod" is-config="true" duration-ms="0" started-at="2016-09-20T15:12:47Z" finished-at="2016-09-20T15:12:47Z">
          <reporter-output>
          </reporter-output>
        </test-method> <!-- afterMethod -->
        <test-method status="PASS" signature="beforeMethod()[pri:0, instance:demo1.demo1@5d5eef3d]" name="beforeMethod" is-config="true" duration-ms="1" started-at="2016-09-20T15:12:47Z" finished-at="2016-09-20T15:12:47Z">
          <reporter-output>
          </reporter-output>
        </test-method> <!-- beforeMethod -->
        <test-method status="PASS" signature="f3()[pri:0, instance:demo1.demo1@5d5eef3d]" name="f3" duration-ms="5" started-at="2016-09-20T15:12:47Z" finished-at="2016-09-20T15:12:47Z">
          <reporter-output>
          </reporter-output>
        </test-method> <!-- f3 -->
        <test-method status="PASS" signature="afterMethod()[pri:0, instance:demo1.demo1@5d5eef3d]" name="afterMethod" is-config="true" duration-ms="0" started-at="2016-09-20T15:12:47Z" finished-at="2016-09-20T15:12:47Z">
          <reporter-output>
          </reporter-output>
        </test-method> <!-- afterMethod -->
      </class> <!-- demo1.demo1 -->
    </test> <!-- Default test -->
  </suite> <!-- Default suite -->
</testng-results>
