<?xml version="1.0" encoding="UTF-8"?>
<!-- Generated by org.testng.reporters.JUnitXMLReporter -->
<testsuite hostname="DIN19900058" name="Default test" tests="1" failures="1" timestamp="31 Aug 2016 05:53:08 GMT" time="46.776" errors="0">
  <testcase name="f" time="46.753" classname="selenium.NewTest">
    <failure type="org.openqa.selenium.WebDriverException" message="Failed to connect to binary FirefoxBinary(C:\Program Files (x86)\Mozilla Firefox\firefox.exe) on port 7055; process output follows: 
,&amp;quot;syncGUID&amp;quot;:&amp;quot;XKzzN4HWUoCf&amp;quot;,&amp;quot;location&amp;quot;:&amp;quot;app-global&amp;quot;,&amp;quot;version&amp;quot;:&amp;quot;48.0.1&amp;quot;,&amp;quot;type&amp;quot;:&amp;quot;theme&amp;quot;,&amp;quot;internalName&amp;quot;:&amp;quot;classic/1.0&amp;quot;,&amp;quot;updateURL&amp;quot;:null,&amp;quot;updateKey&amp;quot;:null,&amp;quot;optionsURL&amp;quot;:null,&amp;quot;optionsType&amp;quot;:null,&amp;quot;aboutURL&amp;quot;:null,&amp;quot;icons&amp;quot;:{&amp;quot;32&amp;quot;:&amp;quot;icon.png&amp;quot;,&amp;quot;48&amp;quot;:&amp;quot;icon.png&amp;quot;},&amp;quot;iconURL&amp;quot;:null,&amp;quot;icon64URL&amp;quot;:null,&amp;quot;defaultLocale&amp;quot;:{&amp;quot;name&amp;quot;:&amp;quot;Default&amp;quot;,&amp;quot;description&amp;quot;:&amp;quot;The default theme.&amp;quot;,&amp;quot;creator&amp;quot;:&amp;quot;Mozilla&amp;quot;,&amp;quot;homepageURL&amp;quot;:null,&amp;quot;contributors&amp;quot;:[&amp;quot;Mozilla Contributors&amp;quot;]},&amp;quot;visible&amp;quot;:true,&amp;quot;active&amp;quot;:true,&amp;quot;userDisabled&amp;quot;:false,&amp;quot;appDisabled&amp;quot;:false,&amp;quot;descriptor&amp;quot;:&amp;quot;C:\\Program Files (x86)\\Mozilla Firefox\\browser\\extensions\\{972ce4c6-7e08-4474-a285-3208198ce6fd}.xpi&amp;quot;,&amp;quot;installDate&amp;quot;:1471469904000,&amp;quot;updateDate&amp;quot;:1471469904000,&amp;quot;applyBackgroundUpdates&amp;quot;:1,&amp;quot;skinnable&amp;quot;:true,&amp;quot;size&amp;quot;:21905,&amp;quot;sourceURI&amp;quot;:null,&amp;quot;releaseNotesURI&amp;quot;:null,&amp;quot;softDisabled&amp;quot;:false,&amp;quot;foreignInstall&amp;quot;:false,&amp;quot;hasBinaryComponents&amp;quot;:false,&amp;quot;strictCompatibility&amp;quot;:true,&amp;quot;locales&amp;quot;:[],&amp;quot;targetApplications&amp;quot;:[{&amp;quot;id&amp;quot;:&amp;quot;{ec8030f7-c20a-464f-9b0e-13a3a9e97384}&amp;quot;,&amp;quot;minVersion&amp;quot;:&amp;quot;48.0.1&amp;quot;,&amp;quot;maxVersion&amp;quot;:&amp;quot;48.0.1&amp;quot;}],&amp;quot;targetPlatforms&amp;quot;:[],&amp;quot;seen&amp;quot;:true}
1472622744243	addons.xpi	DEBUG	getModTime: Recursive scan of {972ce4c6-7e08-4474-a285-3208198ce6fd}
1472622744244	DeferredSave.extensions.json	DEBUG	Save changes
1472622744244	addons.xpi	DEBUG	Updating database with changes to installed add-ons
1472622744244	addons.xpi-utils	DEBUG	Updating add-on states
1472622744245	addons.xpi-utils	DEBUG	Writing add-ons list
1472622744249	addons.xpi	DEBUG	Registering manifest for C:\Program Files (x86)\Mozilla Firefox\browser\features\e10srollout@mozilla.org.xpi
1472622744250	addons.xpi	DEBUG	Calling bootstrap method startup on e10srollout@mozilla.org version 1.1
1472622744250	addons.xpi	DEBUG	Registering manifest for C:\Program Files (x86)\Mozilla Firefox\browser\features\firefox@getpocket.com.xpi
1472622744251	addons.xpi	DEBUG	Calling bootstrap method startup on firefox@getpocket.com version 1.0.4
1472622744252	addons.xpi	DEBUG	Registering manifest for C:\Program Files (x86)\Mozilla Firefox\browser\features\loop@mozilla.org.xpi
1472622744252	addons.xpi	DEBUG	Calling bootstrap method startup on loop@mozilla.org version 1.4.4
1472622744266	addons.manager	DEBUG	Registering shutdown blocker for XPIProvider
1472622744266	addons.manager	DEBUG	Provider finished startup: XPIProvider
1472622744266	addons.manager	DEBUG	Starting provider: LightweightThemeManager
1472622744266	addons.manager	DEBUG	Registering shutdown blocker for LightweightThemeManager
1472622744267	addons.manager	DEBUG	Provider finished startup: LightweightThemeManager
1472622744267	addons.manager	DEBUG	Starting provider: GMPProvider
1472622744274	addons.manager	DEBUG	Registering shutdown blocker for GMPProvider
1472622744274	addons.manager	DEBUG	Provider finished startup: GMPProvider
1472622744274	addons.manager	DEBUG	Starting provider: PluginProvider
1472622744274	addons.manager	DEBUG	Registering shutdown blocker for PluginProvider
1472622744274	addons.manager	DEBUG	Provider finished startup: PluginProvider
1472622744275	addons.manager	DEBUG	Completed startup sequence
1472622745393	addons.manager	DEBUG	Starting provider: &amp;lt;unnamed-provider&amp;gt;
1472622745393	addons.manager	DEBUG	Registering shutdown blocker for &amp;lt;unnamed-provider&amp;gt;
1472622745393	addons.manager	DEBUG	Provider finished startup: &amp;lt;unnamed-provider&amp;gt;
1472622745394	DeferredSave.extensions.json	DEBUG	Starting write
1472622745716	addons.repository	DEBUG	No addons.json found.
1472622745717	DeferredSave.addons.json	DEBUG	Save changes
1472622745720	DeferredSave.addons.json	DEBUG	Starting timer
1472622745790	addons.manager	DEBUG	Starting provider: PreviousExperimentProvider
1472622745790	addons.manager	DEBUG	Registering shutdown blocker for PreviousExperimentProvider
1472622745790	addons.manager	DEBUG	Provider finished startup: PreviousExperimentProvider
1472622745794	DeferredSave.extensions.json	DEBUG	Write succeeded
1472622745795	addons.xpi-utils	DEBUG	XPI Database saved, setting schema version preference to 17
1472622745795	DeferredSave.addons.json	DEBUG	Starting write
1472622745815	DeferredSave.addons.json	DEBUG	Write succeeded

Build info: version: &amp;apos;3.0.0-beta2&amp;apos;, revision: &amp;apos;2aa21c1&amp;apos;, time: &amp;apos;2016-08-02 15:03:28 -0700&amp;apos;
System info: host: &amp;apos;DIN19900058&amp;apos;, ip: &amp;apos;10.246.59.53&amp;apos;, os.name: &amp;apos;Windows 10&amp;apos;, os.arch: &amp;apos;amd64&amp;apos;, os.version: &amp;apos;10.0&amp;apos;, java.version: &amp;apos;1.8.0_91&amp;apos;
Driver info: driver.version: FirefoxDriver">
      <![CDATA[org.openqa.selenium.WebDriverException: Failed to connect to binary FirefoxBinary(C:\Program Files (x86)\Mozilla Firefox\firefox.exe) on port 7055; process output follows: 
,"syncGUID":"XKzzN4HWUoCf","location":"app-global","version":"48.0.1","type":"theme","internalName":"classic/1.0","updateURL":null,"updateKey":null,"optionsURL":null,"optionsType":null,"aboutURL":null,"icons":{"32":"icon.png","48":"icon.png"},"iconURL":null,"icon64URL":null,"defaultLocale":{"name":"Default","description":"The default theme.","creator":"Mozilla","homepageURL":null,"contributors":["Mozilla Contributors"]},"visible":true,"active":true,"userDisabled":false,"appDisabled":false,"descriptor":"C:\\Program Files (x86)\\Mozilla Firefox\\browser\\extensions\\{972ce4c6-7e08-4474-a285-3208198ce6fd}.xpi","installDate":1471469904000,"updateDate":1471469904000,"applyBackgroundUpdates":1,"skinnable":true,"size":21905,"sourceURI":null,"releaseNotesURI":null,"softDisabled":false,"foreignInstall":false,"hasBinaryComponents":false,"strictCompatibility":true,"locales":[],"targetApplications":[{"id":"{ec8030f7-c20a-464f-9b0e-13a3a9e97384}","minVersion":"48.0.1","maxVersion":"48.0.1"}],"targetPlatforms":[],"seen":true}
1472622744243	addons.xpi	DEBUG	getModTime: Recursive scan of {972ce4c6-7e08-4474-a285-3208198ce6fd}
1472622744244	DeferredSave.extensions.json	DEBUG	Save changes
1472622744244	addons.xpi	DEBUG	Updating database with changes to installed add-ons
1472622744244	addons.xpi-utils	DEBUG	Updating add-on states
1472622744245	addons.xpi-utils	DEBUG	Writing add-ons list
1472622744249	addons.xpi	DEBUG	Registering manifest for C:\Program Files (x86)\Mozilla Firefox\browser\features\e10srollout@mozilla.org.xpi
1472622744250	addons.xpi	DEBUG	Calling bootstrap method startup on e10srollout@mozilla.org version 1.1
1472622744250	addons.xpi	DEBUG	Registering manifest for C:\Program Files (x86)\Mozilla Firefox\browser\features\firefox@getpocket.com.xpi
1472622744251	addons.xpi	DEBUG	Calling bootstrap method startup on firefox@getpocket.com version 1.0.4
1472622744252	addons.xpi	DEBUG	Registering manifest for C:\Program Files (x86)\Mozilla Firefox\browser\features\loop@mozilla.org.xpi
1472622744252	addons.xpi	DEBUG	Calling bootstrap method startup on loop@mozilla.org version 1.4.4
1472622744266	addons.manager	DEBUG	Registering shutdown blocker for XPIProvider
1472622744266	addons.manager	DEBUG	Provider finished startup: XPIProvider
1472622744266	addons.manager	DEBUG	Starting provider: LightweightThemeManager
1472622744266	addons.manager	DEBUG	Registering shutdown blocker for LightweightThemeManager
1472622744267	addons.manager	DEBUG	Provider finished startup: LightweightThemeManager
1472622744267	addons.manager	DEBUG	Starting provider: GMPProvider
1472622744274	addons.manager	DEBUG	Registering shutdown blocker for GMPProvider
1472622744274	addons.manager	DEBUG	Provider finished startup: GMPProvider
1472622744274	addons.manager	DEBUG	Starting provider: PluginProvider
1472622744274	addons.manager	DEBUG	Registering shutdown blocker for PluginProvider
1472622744274	addons.manager	DEBUG	Provider finished startup: PluginProvider
1472622744275	addons.manager	DEBUG	Completed startup sequence
1472622745393	addons.manager	DEBUG	Starting provider: <unnamed-provider>
1472622745393	addons.manager	DEBUG	Registering shutdown blocker for <unnamed-provider>
1472622745393	addons.manager	DEBUG	Provider finished startup: <unnamed-provider>
1472622745394	DeferredSave.extensions.json	DEBUG	Starting write
1472622745716	addons.repository	DEBUG	No addons.json found.
1472622745717	DeferredSave.addons.json	DEBUG	Save changes
1472622745720	DeferredSave.addons.json	DEBUG	Starting timer
1472622745790	addons.manager	DEBUG	Starting provider: PreviousExperimentProvider
1472622745790	addons.manager	DEBUG	Registering shutdown blocker for PreviousExperimentProvider
1472622745790	addons.manager	DEBUG	Provider finished startup: PreviousExperimentProvider
1472622745794	DeferredSave.extensions.json	DEBUG	Write succeeded
1472622745795	addons.xpi-utils	DEBUG	XPI Database saved, setting schema version preference to 17
1472622745795	DeferredSave.addons.json	DEBUG	Starting write
1472622745815	DeferredSave.addons.json	DEBUG	Write succeeded

Build info: version: '3.0.0-beta2', revision: '2aa21c1', time: '2016-08-02 15:03:28 -0700'
System info: host: 'DIN19900058', ip: '10.246.59.53', os.name: 'Windows 10', os.arch: 'amd64', os.version: '10.0', java.version: '1.8.0_91'
Driver info: driver.version: FirefoxDriver
	at org.openqa.selenium.firefox.internal.NewProfileExtensionConnection.start(NewProfileExtensionConnection.java:125)
	at org.openqa.selenium.firefox.FirefoxDriver.startClient(FirefoxDriver.java:315)
	at org.openqa.selenium.remote.RemoteWebDriver.<init>(RemoteWebDriver.java:118)
	at org.openqa.selenium.firefox.FirefoxDriver.<init>(FirefoxDriver.java:232)
	at org.openqa.selenium.firefox.FirefoxDriver.<init>(FirefoxDriver.java:220)
	at org.openqa.selenium.firefox.FirefoxDriver.<init>(FirefoxDriver.java:215)
	at org.openqa.selenium.firefox.FirefoxDriver.<init>(FirefoxDriver.java:211)
	at org.openqa.selenium.firefox.FirefoxDriver.<init>(FirefoxDriver.java:124)
	at selenium.NewTest.f(NewTest.java:15)
	at sun.reflect.NativeMethodAccessorImpl.invoke0(Native Method)
	at sun.reflect.NativeMethodAccessorImpl.invoke(Unknown Source)
	at sun.reflect.DelegatingMethodAccessorImpl.invoke(Unknown Source)
	at java.lang.reflect.Method.invoke(Unknown Source)
	at org.testng.internal.MethodInvocationHelper.invokeMethod(MethodInvocationHelper.java:85)
	at org.testng.internal.Invoker.invokeMethod(Invoker.java:639)
	at org.testng.internal.Invoker.invokeTestMethod(Invoker.java:816)
	at org.testng.internal.Invoker.invokeTestMethods(Invoker.java:1124)
	at org.testng.internal.TestMethodWorker.invokeTestMethods(TestMethodWorker.java:125)
	at org.testng.internal.TestMethodWorker.run(TestMethodWorker.java:108)
	at org.testng.TestRunner.privateRun(TestRunner.java:774)
	at org.testng.TestRunner.run(TestRunner.java:624)
	at org.testng.SuiteRunner.runTest(SuiteRunner.java:359)
	at org.testng.SuiteRunner.runSequentially(SuiteRunner.java:354)
	at org.testng.SuiteRunner.privateRun(SuiteRunner.java:312)
	at org.testng.SuiteRunner.run(SuiteRunner.java:261)
	at org.testng.SuiteRunnerWorker.runSuite(SuiteRunnerWorker.java:52)
	at org.testng.SuiteRunnerWorker.run(SuiteRunnerWorker.java:86)
	at org.testng.TestNG.runSuitesSequentially(TestNG.java:1215)
	at org.testng.TestNG.runSuitesLocally(TestNG.java:1140)
	at org.testng.TestNG.run(TestNG.java:1048)
	at org.testng.remote.AbstractRemoteTestNG.run(AbstractRemoteTestNG.java:126)
	at org.testng.remote.RemoteTestNG.initAndRun(RemoteTestNG.java:152)
	at org.testng.remote.RemoteTestNG.main(RemoteTestNG.java:57)
Caused by: org.openqa.selenium.firefox.NotConnectedException: Unable to connect to host 127.0.0.1 on port 7055 after 45000 ms. Firefox console output:
,"syncGUID":"XKzzN4HWUoCf","location":"app-global","version":"48.0.1","type":"theme","internalName":"classic/1.0","updateURL":null,"updateKey":null,"optionsURL":null,"optionsType":null,"aboutURL":null,"icons":{"32":"icon.png","48":"icon.png"},"iconURL":null,"icon64URL":null,"defaultLocale":{"name":"Default","description":"The default theme.","creator":"Mozilla","homepageURL":null,"contributors":["Mozilla Contributors"]},"visible":true,"active":true,"userDisabled":false,"appDisabled":false,"descriptor":"C:\\Program Files (x86)\\Mozilla Firefox\\browser\\extensions\\{972ce4c6-7e08-4474-a285-3208198ce6fd}.xpi","installDate":1471469904000,"updateDate":1471469904000,"applyBackgroundUpdates":1,"skinnable":true,"size":21905,"sourceURI":null,"releaseNotesURI":null,"softDisabled":false,"foreignInstall":false,"hasBinaryComponents":false,"strictCompatibility":true,"locales":[],"targetApplications":[{"id":"{ec8030f7-c20a-464f-9b0e-13a3a9e97384}","minVersion":"48.0.1","maxVersion":"48.0.1"}],"targetPlatforms":[],"seen":true}
1472622744243	addons.xpi	DEBUG	getModTime: Recursive scan of {972ce4c6-7e08-4474-a285-3208198ce6fd}
1472622744244	DeferredSave.extensions.json	DEBUG	Save changes
1472622744244	addons.xpi	DEBUG	Updating database with changes to installed add-ons
1472622744244	addons.xpi-utils	DEBUG	Updating add-on states
1472622744245	addons.xpi-utils	DEBUG	Writing add-ons list
1472622744249	addons.xpi	DEBUG	Registering manifest for C:\Program Files (x86)\Mozilla Firefox\browser\features\e10srollout@mozilla.org.xpi
1472622744250	addons.xpi	DEBUG	Calling bootstrap method startup on e10srollout@mozilla.org version 1.1
1472622744250	addons.xpi	DEBUG	Registering manifest for C:\Program Files (x86)\Mozilla Firefox\browser\features\firefox@getpocket.com.xpi
1472622744251	addons.xpi	DEBUG	Calling bootstrap method startup on firefox@getpocket.com version 1.0.4
1472622744252	addons.xpi	DEBUG	Registering manifest for C:\Program Files (x86)\Mozilla Firefox\browser\features\loop@mozilla.org.xpi
1472622744252	addons.xpi	DEBUG	Calling bootstrap method startup on loop@mozilla.org version 1.4.4
1472622744266	addons.manager	DEBUG	Registering shutdown blocker for XPIProvider
1472622744266	addons.manager	DEBUG	Provider finished startup: XPIProvider
1472622744266	addons.manager	DEBUG	Starting provider: LightweightThemeManager
1472622744266	addons.manager	DEBUG	Registering shutdown blocker for LightweightThemeManager
1472622744267	addons.manager	DEBUG	Provider finished startup: LightweightThemeManager
1472622744267	addons.manager	DEBUG	Starting provider: GMPProvider
1472622744274	addons.manager	DEBUG	Registering shutdown blocker for GMPProvider
1472622744274	addons.manager	DEBUG	Provider finished startup: GMPProvider
1472622744274	addons.manager	DEBUG	Starting provider: PluginProvider
1472622744274	addons.manager	DEBUG	Registering shutdown blocker for PluginProvider
1472622744274	addons.manager	DEBUG	Provider finished startup: PluginProvider
1472622744275	addons.manager	DEBUG	Completed startup sequence
1472622745393	addons.manager	DEBUG	Starting provider: <unnamed-provider>
1472622745393	addons.manager	DEBUG	Registering shutdown blocker for <unnamed-provider>
1472622745393	addons.manager	DEBUG	Provider finished startup: <unnamed-provider>
1472622745394	DeferredSave.extensions.json	DEBUG	Starting write
1472622745716	addons.repository	DEBUG	No addons.json found.
1472622745717	DeferredSave.addons.json	DEBUG	Save changes
1472622745720	DeferredSave.addons.json	DEBUG	Starting timer
1472622745790	addons.manager	DEBUG	Starting provider: PreviousExperimentProvider
1472622745790	addons.manager	DEBUG	Registering shutdown blocker for PreviousExperimentProvider
1472622745790	addons.manager	DEBUG	Provider finished startup: PreviousExperimentProvider
1472622745794	DeferredSave.extensions.json	DEBUG	Write succeeded
1472622745795	addons.xpi-utils	DEBUG	XPI Database saved, setting schema version preference to 17
1472622745795	DeferredSave.addons.json	DEBUG	Starting write
1472622745815	DeferredSave.addons.json	DEBUG	Write succeeded

	at org.openqa.selenium.firefox.internal.NewProfileExtensionConnection.start(NewProfileExtensionConnection.java:113)
	... 32 more
]]>
    </failure>
  </testcase> <!-- f -->
</testsuite> <!-- Default test -->
