<?xml version="1.0" encoding="UTF-8"?>
<testng-results skipped="0" failed="0" total="1" passed="1">
  <reporter-output>
  </reporter-output>
  <suite name="Default suite" duration-ms="12072" started-at="2016-09-14T12:32:09Z" finished-at="2016-09-14T12:32:21Z">
    <groups>
    </groups>
    <test name="Default test" duration-ms="12072" started-at="2016-09-14T12:32:09Z" finished-at="2016-09-14T12:32:21Z">
      <class name="bank_testscript2.bank_testscript2">
        <test-method status="PASS" signature="setUp()[pri:0, instance:bank_testscript2.bank_testscript2@5d5eef3d]" name="setUp" is-config="true" duration-ms="10152" started-at="2016-09-14T18:02:09Z" finished-at="2016-09-14T18:02:19Z">
          <reporter-output>
          </reporter-output>
        </test-method> <!-- setUp -->
        <test-method status="PASS" signature="f()[pri:0, instance:bank_testscript2.bank_testscript2@5d5eef3d]" name="f" duration-ms="1908" started-at="2016-09-14T18:02:19Z" finished-at="2016-09-14T18:02:21Z">
          <reporter-output>
          </reporter-output>
        </test-method> <!-- f -->
        <test-method status="PASS" signature="afterClass()[pri:0, instance:bank_testscript2.bank_testscript2@5d5eef3d]" name="afterClass" is-config="true" duration-ms="0" started-at="2016-09-14T18:02:21Z" finished-at="2016-09-14T18:02:21Z">
          <reporter-output>
          </reporter-output>
        </test-method> <!-- afterClass -->
      </class> <!-- bank_testscript2.bank_testscript2 -->
    </test> <!-- Default test -->
  </suite> <!-- Default suite -->
</testng-results>
