<?xml version="1.0" encoding="UTF-8"?>
<testng-results skipped="0" failed="0" total="1" passed="1">
  <reporter-output>
  </reporter-output>
  <suite name="Default suite" duration-ms="19047" started-at="2016-09-14T08:08:53Z" finished-at="2016-09-14T08:09:12Z">
    <groups>
    </groups>
    <test name="Default test" duration-ms="19047" started-at="2016-09-14T08:08:53Z" finished-at="2016-09-14T08:09:12Z">
      <class name="bank.bank_testscript1">
        <test-method status="PASS" signature="beforeClass()[pri:0, instance:bank.bank_testscript1@5d5eef3d]" name="beforeClass" is-config="true" duration-ms="6" started-at="2016-09-14T13:38:53Z" finished-at="2016-09-14T13:38:53Z">
          <reporter-output>
          </reporter-output>
        </test-method> <!-- beforeClass -->
        <test-method status="PASS" signature="f()[pri:0, instance:bank.bank_testscript1@5d5eef3d]" name="f" duration-ms="19030" started-at="2016-09-14T13:38:53Z" finished-at="2016-09-14T13:39:12Z">
          <reporter-output>
          </reporter-output>
        </test-method> <!-- f -->
        <test-method status="PASS" signature="afterClass()[pri:0, instance:bank.bank_testscript1@5d5eef3d]" name="afterClass" is-config="true" duration-ms="0" started-at="2016-09-14T13:39:12Z" finished-at="2016-09-14T13:39:12Z">
          <reporter-output>
          </reporter-output>
        </test-method> <!-- afterClass -->
      </class> <!-- bank.bank_testscript1 -->
    </test> <!-- Default test -->
  </suite> <!-- Default suite -->
</testng-results>
