<?xml version="1.0" encoding="UTF-8"?>
<testng-results skipped="1" failed="0" total="1" passed="0">
  <reporter-output>
  </reporter-output>
  <suite name="Default suite" duration-ms="58047" started-at="2016-09-15T09:16:47Z" finished-at="2016-09-15T09:17:45Z">
    <groups>
    </groups>
    <test name="Default test" duration-ms="58047" started-at="2016-09-15T09:16:47Z" finished-at="2016-09-15T09:17:45Z">
      <class name="pageObject.bank_main">
        <test-method status="FAIL" signature="setUp()[pri:0, instance:pageObject.bank_main@68be2bc2]" name="setUp" is-config="true" duration-ms="0" started-at="2016-09-15T14:46:47Z" finished-at="2016-09-15T14:46:47Z">
          <exception class="org.openqa.selenium.WebDriverException">
            <message>
              <![CDATA[Failed to connect to binary FirefoxBinary(C:\Program Files (x86)\Mozilla Firefox\firefox.exe) on port 7055; process output follows: 
ion":"The default theme.","creator":"Mozilla","homepageURL":null,"contributors":["Mozilla Contributors"]},"visible":true,"active":true,"userDisabled":false,"appDisabled":false,"descriptor":"C:\\Program Files (x86)\\Mozilla Firefox\\browser\\extensions\\{972ce4c6-7e08-4474-a285-3208198ce6fd}.xpi","installDate":1472018554000,"updateDate":1472018554000,"applyBackgroundUpdates":1,"skinnable":true,"size":21905,"sourceURI":null,"releaseNotesURI":null,"softDisabled":false,"foreignInstall":false,"hasBinaryComponents":false,"strictCompatibility":true,"locales":[],"targetApplications":[{"id":"{ec8030f7-c20a-464f-9b0e-13a3a9e97384}","minVersion":"48.0.2","maxVersion":"48.0.2"}],"targetPlatforms":[],"seen":true}
1473931020729	DeferredSave.extensions.json	DEBUG	Save changes
1473931020729	addons.xpi	DEBUG	Updating database with changes to installed add-ons
1473931020729	addons.xpi-utils	DEBUG	Updating add-on states
1473931020732	addons.xpi-utils	DEBUG	Writing add-ons list
1473931020743	addons.xpi	DEBUG	Registering manifest for C:\Program Files (x86)\Mozilla Firefox\browser\features\e10srollout@mozilla.org.xpi
1473931020744	addons.xpi	DEBUG	Loading bootstrap scope from C:\Program Files (x86)\Mozilla Firefox\browser\features\e10srollout@mozilla.org.xpi
1473931020755	addons.xpi	DEBUG	Calling bootstrap method startup on e10srollout@mozilla.org version 1.1
1473931020756	addons.xpi	DEBUG	Registering manifest for C:\Program Files (x86)\Mozilla Firefox\browser\features\firefox@getpocket.com.xpi
1473931020757	addons.xpi	DEBUG	Loading bootstrap scope from C:\Program Files (x86)\Mozilla Firefox\browser\features\firefox@getpocket.com.xpi
1473931020760	addons.xpi	DEBUG	Calling bootstrap method startup on firefox@getpocket.com version 1.0.4
1473931020761	addons.xpi	DEBUG	Registering manifest for C:\Program Files (x86)\Mozilla Firefox\browser\features\loop@mozilla.org.xpi
1473931020761	addons.xpi	DEBUG	Loading bootstrap scope from C:\Program Files (x86)\Mozilla Firefox\browser\features\loop@mozilla.org.xpi
1473931020767	addons.xpi	DEBUG	Calling bootstrap method startup on loop@mozilla.org version 1.4.4
1473931020785	addons.manager	DEBUG	Registering shutdown blocker for XPIProvider
1473931020785	addons.manager	DEBUG	Provider finished startup: XPIProvider
1473931020785	addons.manager	DEBUG	Starting provider: LightweightThemeManager
1473931020785	addons.manager	DEBUG	Registering shutdown blocker for LightweightThemeManager
1473931020785	addons.manager	DEBUG	Provider finished startup: LightweightThemeManager
1473931020786	addons.manager	DEBUG	Starting provider: GMPProvider
1473931020794	addons.manager	DEBUG	Registering shutdown blocker for GMPProvider
1473931020794	addons.manager	DEBUG	Provider finished startup: GMPProvider
1473931020794	addons.manager	DEBUG	Starting provider: PluginProvider
1473931020794	addons.manager	DEBUG	Registering shutdown blocker for PluginProvider
1473931020794	addons.manager	DEBUG	Provider finished startup: PluginProvider
1473931020795	addons.manager	DEBUG	Completed startup sequence
[GFX1]: Potential driver version mismatch ignored due to missing DLLs 0.0.0.0 and 0.0.0.0
Crash Annotation GraphicsCriticalError: |[0][GFX1-]: VendorIDMismatch V 0x8086 0x1414 (t=2.04482) [GFX1-]: VendorIDMismatch V 0x8086 0x1414
1473931021044	DeferredSave.extensions.json	DEBUG	Starting timer
1473931021054	addons.manager	DEBUG	Starting provider: <unnamed-provider>
1473931021054	addons.manager	DEBUG	Registering shutdown blocker for <unnamed-provider>
1473931021054	addons.manager	DEBUG	Provider finished startup: <unnamed-provider>
1473931021110	DeferredSave.extensions.json	DEBUG	Starting write
1473931021200	addons.manager	DEBUG	Starting provider: PreviousExperimentProvider
1473931021200	addons.manager	DEBUG	Registering shutdown blocker for PreviousExperimentProvider
1473931021200	addons.manager	DEBUG	Provider finished startup: PreviousExperimentProvider
1473931021206	DeferredSave.extensions.json	DEBUG	Write succeeded
1473931021206	addons.xpi-utils	DEBUG	XPI Database saved, setting schema version preference to 17

Build info: version: 'unknown', revision: '2aa21c1', time: '2016-08-02 14:59:43 -0700'
System info: host: 'DIN16004877', ip: '10.246.56.81', os.name: 'Windows 10', os.arch: 'amd64', os.version: '10.0', java.version: '1.8.0_74'
Driver info: driver.version: FirefoxDriver]]>
            </message>
            <full-stacktrace>
              <![CDATA[org.openqa.selenium.WebDriverException: Failed to connect to binary FirefoxBinary(C:\Program Files (x86)\Mozilla Firefox\firefox.exe) on port 7055; process output follows: 
ion":"The default theme.","creator":"Mozilla","homepageURL":null,"contributors":["Mozilla Contributors"]},"visible":true,"active":true,"userDisabled":false,"appDisabled":false,"descriptor":"C:\\Program Files (x86)\\Mozilla Firefox\\browser\\extensions\\{972ce4c6-7e08-4474-a285-3208198ce6fd}.xpi","installDate":1472018554000,"updateDate":1472018554000,"applyBackgroundUpdates":1,"skinnable":true,"size":21905,"sourceURI":null,"releaseNotesURI":null,"softDisabled":false,"foreignInstall":false,"hasBinaryComponents":false,"strictCompatibility":true,"locales":[],"targetApplications":[{"id":"{ec8030f7-c20a-464f-9b0e-13a3a9e97384}","minVersion":"48.0.2","maxVersion":"48.0.2"}],"targetPlatforms":[],"seen":true}
1473931020729	DeferredSave.extensions.json	DEBUG	Save changes
1473931020729	addons.xpi	DEBUG	Updating database with changes to installed add-ons
1473931020729	addons.xpi-utils	DEBUG	Updating add-on states
1473931020732	addons.xpi-utils	DEBUG	Writing add-ons list
1473931020743	addons.xpi	DEBUG	Registering manifest for C:\Program Files (x86)\Mozilla Firefox\browser\features\e10srollout@mozilla.org.xpi
1473931020744	addons.xpi	DEBUG	Loading bootstrap scope from C:\Program Files (x86)\Mozilla Firefox\browser\features\e10srollout@mozilla.org.xpi
1473931020755	addons.xpi	DEBUG	Calling bootstrap method startup on e10srollout@mozilla.org version 1.1
1473931020756	addons.xpi	DEBUG	Registering manifest for C:\Program Files (x86)\Mozilla Firefox\browser\features\firefox@getpocket.com.xpi
1473931020757	addons.xpi	DEBUG	Loading bootstrap scope from C:\Program Files (x86)\Mozilla Firefox\browser\features\firefox@getpocket.com.xpi
1473931020760	addons.xpi	DEBUG	Calling bootstrap method startup on firefox@getpocket.com version 1.0.4
1473931020761	addons.xpi	DEBUG	Registering manifest for C:\Program Files (x86)\Mozilla Firefox\browser\features\loop@mozilla.org.xpi
1473931020761	addons.xpi	DEBUG	Loading bootstrap scope from C:\Program Files (x86)\Mozilla Firefox\browser\features\loop@mozilla.org.xpi
1473931020767	addons.xpi	DEBUG	Calling bootstrap method startup on loop@mozilla.org version 1.4.4
1473931020785	addons.manager	DEBUG	Registering shutdown blocker for XPIProvider
1473931020785	addons.manager	DEBUG	Provider finished startup: XPIProvider
1473931020785	addons.manager	DEBUG	Starting provider: LightweightThemeManager
1473931020785	addons.manager	DEBUG	Registering shutdown blocker for LightweightThemeManager
1473931020785	addons.manager	DEBUG	Provider finished startup: LightweightThemeManager
1473931020786	addons.manager	DEBUG	Starting provider: GMPProvider
1473931020794	addons.manager	DEBUG	Registering shutdown blocker for GMPProvider
1473931020794	addons.manager	DEBUG	Provider finished startup: GMPProvider
1473931020794	addons.manager	DEBUG	Starting provider: PluginProvider
1473931020794	addons.manager	DEBUG	Registering shutdown blocker for PluginProvider
1473931020794	addons.manager	DEBUG	Provider finished startup: PluginProvider
1473931020795	addons.manager	DEBUG	Completed startup sequence
[GFX1]: Potential driver version mismatch ignored due to missing DLLs 0.0.0.0 and 0.0.0.0
Crash Annotation GraphicsCriticalError: |[0][GFX1-]: VendorIDMismatch V 0x8086 0x1414 (t=2.04482) [GFX1-]: VendorIDMismatch V 0x8086 0x1414
1473931021044	DeferredSave.extensions.json	DEBUG	Starting timer
1473931021054	addons.manager	DEBUG	Starting provider: <unnamed-provider>
1473931021054	addons.manager	DEBUG	Registering shutdown blocker for <unnamed-provider>
1473931021054	addons.manager	DEBUG	Provider finished startup: <unnamed-provider>
1473931021110	DeferredSave.extensions.json	DEBUG	Starting write
1473931021200	addons.manager	DEBUG	Starting provider: PreviousExperimentProvider
1473931021200	addons.manager	DEBUG	Registering shutdown blocker for PreviousExperimentProvider
1473931021200	addons.manager	DEBUG	Provider finished startup: PreviousExperimentProvider
1473931021206	DeferredSave.extensions.json	DEBUG	Write succeeded
1473931021206	addons.xpi-utils	DEBUG	XPI Database saved, setting schema version preference to 17

Build info: version: 'unknown', revision: '2aa21c1', time: '2016-08-02 14:59:43 -0700'
System info: host: 'DIN16004877', ip: '10.246.56.81', os.name: 'Windows 10', os.arch: 'amd64', os.version: '10.0', java.version: '1.8.0_74'
Driver info: driver.version: FirefoxDriver
	at org.openqa.selenium.firefox.internal.NewProfileExtensionConnection.start(NewProfileExtensionConnection.java:125)
	at org.openqa.selenium.firefox.FirefoxDriver.startClient(FirefoxDriver.java:315)
	at org.openqa.selenium.remote.RemoteWebDriver.<init>(RemoteWebDriver.java:118)
	at org.openqa.selenium.firefox.FirefoxDriver.<init>(FirefoxDriver.java:232)
	at org.openqa.selenium.firefox.FirefoxDriver.<init>(FirefoxDriver.java:220)
	at org.openqa.selenium.firefox.FirefoxDriver.<init>(FirefoxDriver.java:215)
	at org.openqa.selenium.firefox.FirefoxDriver.<init>(FirefoxDriver.java:211)
	at org.openqa.selenium.firefox.FirefoxDriver.<init>(FirefoxDriver.java:128)
	at pageObject.bank_main.setUp(bank_main.java:52)
	at sun.reflect.NativeMethodAccessorImpl.invoke0(Native Method)
	at sun.reflect.NativeMethodAccessorImpl.invoke(Unknown Source)
	at sun.reflect.DelegatingMethodAccessorImpl.invoke(Unknown Source)
	at java.lang.reflect.Method.invoke(Unknown Source)
	at org.testng.internal.MethodInvocationHelper.invokeMethod(MethodInvocationHelper.java:85)
	at org.testng.internal.Invoker.invokeConfigurationMethod(Invoker.java:510)
	at org.testng.internal.Invoker.invokeConfigurations(Invoker.java:211)
	at org.testng.internal.Invoker.invokeConfigurations(Invoker.java:138)
	at org.testng.internal.TestMethodWorker.invokeBeforeClassMethods(TestMethodWorker.java:170)
	at org.testng.internal.TestMethodWorker.run(TestMethodWorker.java:104)
	at org.testng.TestRunner.privateRun(TestRunner.java:774)
	at org.testng.TestRunner.run(TestRunner.java:624)
	at org.testng.SuiteRunner.runTest(SuiteRunner.java:359)
	at org.testng.SuiteRunner.runSequentially(SuiteRunner.java:354)
	at org.testng.SuiteRunner.privateRun(SuiteRunner.java:312)
	at org.testng.SuiteRunner.run(SuiteRunner.java:261)
	at org.testng.SuiteRunnerWorker.runSuite(SuiteRunnerWorker.java:52)
	at org.testng.SuiteRunnerWorker.run(SuiteRunnerWorker.java:86)
	at org.testng.TestNG.runSuitesSequentially(TestNG.java:1215)
	at org.testng.TestNG.runSuitesLocally(TestNG.java:1140)
	at org.testng.TestNG.run(TestNG.java:1048)
	at org.testng.remote.AbstractRemoteTestNG.run(AbstractRemoteTestNG.java:126)
	at org.testng.remote.RemoteTestNG.initAndRun(RemoteTestNG.java:152)
	at org.testng.remote.RemoteTestNG.main(RemoteTestNG.java:57)
Caused by: org.openqa.selenium.firefox.NotConnectedException: Unable to connect to host 127.0.0.1 on port 7055 after 45000 ms. Firefox console output:
ion":"The default theme.","creator":"Mozilla","homepageURL":null,"contributors":["Mozilla Contributors"]},"visible":true,"active":true,"userDisabled":false,"appDisabled":false,"descriptor":"C:\\Program Files (x86)\\Mozilla Firefox\\browser\\extensions\\{972ce4c6-7e08-4474-a285-3208198ce6fd}.xpi","installDate":1472018554000,"updateDate":1472018554000,"applyBackgroundUpdates":1,"skinnable":true,"size":21905,"sourceURI":null,"releaseNotesURI":null,"softDisabled":false,"foreignInstall":false,"hasBinaryComponents":false,"strictCompatibility":true,"locales":[],"targetApplications":[{"id":"{ec8030f7-c20a-464f-9b0e-13a3a9e97384}","minVersion":"48.0.2","maxVersion":"48.0.2"}],"targetPlatforms":[],"seen":true}
1473931020729	DeferredSave.extensions.json	DEBUG	Save changes
1473931020729	addons.xpi	DEBUG	Updating database with changes to installed add-ons
1473931020729	addons.xpi-utils	DEBUG	Updating add-on states
1473931020732	addons.xpi-utils	DEBUG	Writing add-ons list
1473931020743	addons.xpi	DEBUG	Registering manifest for C:\Program Files (x86)\Mozilla Firefox\browser\features\e10srollout@mozilla.org.xpi
1473931020744	addons.xpi	DEBUG	Loading bootstrap scope from C:\Program Files (x86)\Mozilla Firefox\browser\features\e10srollout@mozilla.org.xpi
1473931020755	addons.xpi	DEBUG	Calling bootstrap method startup on e10srollout@mozilla.org version 1.1
1473931020756	addons.xpi	DEBUG	Registering manifest for C:\Program Files (x86)\Mozilla Firefox\browser\features\firefox@getpocket.com.xpi
1473931020757	addons.xpi	DEBUG	Loading bootstrap scope from C:\Program Files (x86)\Mozilla Firefox\browser\features\firefox@getpocket.com.xpi
1473931020760	addons.xpi	DEBUG	Calling bootstrap method startup on firefox@getpocket.com version 1.0.4
1473931020761	addons.xpi	DEBUG	Registering manifest for C:\Program Files (x86)\Mozilla Firefox\browser\features\loop@mozilla.org.xpi
1473931020761	addons.xpi	DEBUG	Loading bootstrap scope from C:\Program Files (x86)\Mozilla Firefox\browser\features\loop@mozilla.org.xpi
1473931020767	addons.xpi	DEBUG	Calling bootstrap method startup on loop@mozilla.org version 1.4.4
1473931020785	addons.manager	DEBUG	Registering shutdown blocker for XPIProvider
1473931020785	addons.manager	DEBUG	Provider finished startup: XPIProvider
1473931020785	addons.manager	DEBUG	Starting provider: LightweightThemeManager
1473931020785	addons.manager	DEBUG	Registering shutdown blocker for LightweightThemeManager
1473931020785	addons.manager	DEBUG	Provider finished startup: LightweightThemeManager
1473931020786	addons.manager	DEBUG	Starting provider: GMPProvider
1473931020794	addons.manager	DEBUG	Registering shutdown blocker for GMPProvider
1473931020794	addons.manager	DEBUG	Provider finished startup: GMPProvider
1473931020794	addons.manager	DEBUG	Starting provider: PluginProvider
1473931020794	addons.manager	DEBUG	Registering shutdown blocker for PluginProvider
1473931020794	addons.manager	DEBUG	Provider finished startup: PluginProvider
1473931020795	addons.manager	DEBUG	Completed startup sequence
[GFX1]: Potential driver version mismatch ignored due to missing DLLs 0.0.0.0 and 0.0.0.0
Crash Annotation GraphicsCriticalError: |[0][GFX1-]: VendorIDMismatch V 0x8086 0x1414 (t=2.04482) [GFX1-]: VendorIDMismatch V 0x8086 0x1414
1473931021044	DeferredSave.extensions.json	DEBUG	Starting timer
1473931021054	addons.manager	DEBUG	Starting provider: <unnamed-provider>
1473931021054	addons.manager	DEBUG	Registering shutdown blocker for <unnamed-provider>
1473931021054	addons.manager	DEBUG	Provider finished startup: <unnamed-provider>
1473931021110	DeferredSave.extensions.json	DEBUG	Starting write
1473931021200	addons.manager	DEBUG	Starting provider: PreviousExperimentProvider
1473931021200	addons.manager	DEBUG	Registering shutdown blocker for PreviousExperimentProvider
1473931021200	addons.manager	DEBUG	Provider finished startup: PreviousExperimentProvider
1473931021206	DeferredSave.extensions.json	DEBUG	Write succeeded
1473931021206	addons.xpi-utils	DEBUG	XPI Database saved, setting schema version preference to 17

	at org.openqa.selenium.firefox.internal.NewProfileExtensionConnection.start(NewProfileExtensionConnection.java:113)
	... 32 more
]]>
            </full-stacktrace>
          </exception> <!-- org.openqa.selenium.WebDriverException -->
          <reporter-output>
          </reporter-output>
        </test-method> <!-- setUp -->
        <test-method status="SKIP" signature="f()[pri:0, instance:pageObject.bank_main@68be2bc2]" name="f" duration-ms="2" started-at="2016-09-15T14:47:45Z" finished-at="2016-09-15T14:47:45Z">
          <reporter-output>
          </reporter-output>
        </test-method> <!-- f -->
        <test-method status="SKIP" signature="afterClass()[pri:0, instance:pageObject.bank_main@68be2bc2]" name="afterClass" is-config="true" duration-ms="0" started-at="2016-09-15T14:47:45Z" finished-at="2016-09-15T14:47:45Z">
          <reporter-output>
          </reporter-output>
        </test-method> <!-- afterClass -->
      </class> <!-- pageObject.bank_main -->
    </test> <!-- Default test -->
  </suite> <!-- Default suite -->
</testng-results>
