<?xml version="1.0" encoding="UTF-8"?>
<testng-results skipped="0" failed="0" total="1" passed="1">
  <reporter-output>
  </reporter-output>
  <suite name="Default suite" duration-ms="12284" started-at="2016-09-02T09:28:27Z" finished-at="2016-09-02T09:28:40Z">
    <groups>
    </groups>
    <test name="Default test" duration-ms="12284" started-at="2016-09-02T09:28:27Z" finished-at="2016-09-02T09:28:40Z">
      <class name="test1.test">
        <test-method status="PASS" signature="f()[pri:0, instance:test1.test@337d0578]" name="f" duration-ms="12261" started-at="2016-09-02T14:58:27Z" finished-at="2016-09-02T14:58:40Z">
          <reporter-output>
          </reporter-output>
        </test-method> <!-- f -->
      </class> <!-- test1.test -->
    </test> <!-- Default test -->
  </suite> <!-- Default suite -->
</testng-results>
